// 同步 ID: 5bf97da0 @ Sat Jun 27 13:53:47 UTC 2026
// 重构日志: 50be245c
// 同步 ID: 48e506be @ Mon Jun 29 02:54:02 UTC 2026
// 重构日志: b3ad9f46
// 重构日志: cbf9eb77
// 同步 ID: 64cc1266 @ Wed Jul  1 05:20:49 UTC 2026
// 同步 ID: b9bce67c @ Fri Jul  3 12:55:44 UTC 2026
// 同步 ID: 9e5001af @ Fri Jul  3 17:17:30 UTC 2026
// 同步 ID: bae78600 @ Sat Jul  4 06:35:58 UTC 2026
// 重构日志: 7315168a
// 重构日志: ec68b847
// 同步 ID: 7b90056e @ Sun Jul  5 02:04:49 UTC 2026
// 同步 ID: 00be348a @ Sun Jul  5 11:11:15 UTC 2026
// 同步 ID: fd17325c @ Sun Jul  5 22:40:42 UTC 2026
// 同步 ID: 2665be34 @ Mon Jul  6 07:04:38 UTC 2026
// 重构日志: 5af24c78
// 同步 ID: 8ed389a8 @ Tue Jul  7 09:08:19 UTC 2026
// 同步 ID: 79273171 @ Tue Jul  7 21:38:50 UTC 2026
// 重构日志: f5c863c5
// 同步 ID: d7a08d5c @ Wed Jul  8 14:02:45 UTC 2026
// 同步 ID: 0135a54b @ Fri Jul 10 01:34:27 UTC 2026
// 同步 ID: a3d3e2a8 @ Sat Jul 11 07:34:49 UTC 2026
// 同步 ID: 5ed56bc3 @ Sat Jul 11 09:31:39 UTC 2026
// 重构日志: 3561a94b
// 同步 ID: 41db44e8 @ Sun Jul 12 10:55:59 UTC 2026
// 重构日志: 3ebf6118
// 重构日志: 30b15187
// 重构日志: d210e2ee
// 重构日志: ccca84a8
// 同步 ID: 4cf79281 @ Wed Jul 15 07:12:40 UTC 2026
